error: Error message
fatal: Fatal message
error: Error message
fatal: Fatal message
error: undefined {"kind":"ObjectId","path":"_id","reason":{},"stringValue":"\"styles.css\"","value":"styles.css","valueType":"string"}
error: undefined {"cause":"One or more properties were incomplete or not valid.\n        list of requires properties\n        - Product not added to cart: can't add product to cart, recived [object Object] and undefined\n    ","code":3,"name":"Add product to cart error"}
error: undefined {"cause":"One or more properties were incomplete or not valid.\n        list of requires properties\n        - Product not added to cart: can't add product to cart, recived [object Object] and undefined\n    ","code":3,"name":"Add product to cart error"}
error: undefined {"cause":"One or more properties were incomplete or not valid.\n        list of requires properties\n        - Product not added to cart: can't add product to cart, recived [object Object] and undefined\n    ","code":3,"name":"Add product to cart error"}
error: undefined {"cause":"One or more properties were incomplete or not valid.\n        list of requires properties\n        - Product not added to cart: can't add product to cart, recived [object Object] and undefined\n    ","code":3,"name":"Add product to cart error"}
error: undefined {"cause":"One or more properties were incomplete or not valid.\n        list of requires properties\n        - Product not added to cart: can't add product to cart, recived [object Object] and undefined\n    ","code":3,"name":"Add product to cart error"}
error: undefined {"cause":"One or more properties were incomplete or not valid.\n        list of requires properties\n        - Product not added to cart: can't add product to cart, recived [object Object] and undefined\n    ","code":3,"name":"Add product to cart error"}
error: undefined {"cause":"One or more properties were incomplete or not valid.\n        list of requires properties\n        - Product not added to cart: can't add product to cart, recived [object Object] and undefined\n    ","code":3,"name":"Add product to cart error"}
error: undefined {"cause":"One or more properties were incomplete or not valid.\n        list of requires properties\n        - Product not added to cart: can't add product to cart, recived [object Object] and undefined\n    ","code":3,"name":"Add product to cart error"}
error: undefined {"cause":"One or more properties were incomplete or not valid.\n        list of requires properties\n        - Product not added to cart: can't add product to cart, recived [object Object] and undefined\n    ","code":3,"name":"Add product to cart error"}
error: undefined {"cause":"One or more properties were incomplete or not valid.\n        list of requires properties\n        - Product not added to cart: can't add product to cart, recived [object Object] and undefined\n    ","code":3,"name":"Add product to cart error"}
error: undefined {"cause":"One or more properties were incomplete or not valid.\n        list of requires properties\n        - Product not added to cart: can't add product to cart, recived [object Object] and undefined\n    ","code":3,"name":"Add product to cart error"}
error: undefined {"cause":"One or more properties were incomplete or not valid.\n        list of requires properties\n        - Product not added to cart: can't add product to cart, recived [object Object] and undefined\n    ","code":3,"name":"Add product to cart error"}
error: undefined {"cause":"One or more properties were incomplete or not valid.\n        list of requires properties\n        - Product not added to cart: can't add product to cart, recived [object Object] and undefined\n    ","code":3,"name":"Add product to cart error"}
error: undefined {"cause":"One or more properties were incomplete or not valid.\n        list of requires properties\n        - Product not added to cart: can't add product to cart, recived [object Object] and undefined\n    ","code":3,"name":"Add product to cart error"}
error: undefined {"kind":"ObjectId","path":"_id","reason":{},"stringValue":"\"styles.css\"","value":"styles.css","valueType":"string"}
error: undefined {"kind":"ObjectId","path":"_id","reason":{},"stringValue":"\"styles.css\"","value":"styles.css","valueType":"string"}
error: undefined {"cause":"One or more properties were incomplete or not valid.\n        list of requires properties\n        - Product not added to cart: can't add product to cart, recived [object Object] and undefined\n    ","code":3,"name":"Add product to cart error"}
error: undefined {"cause":"One or more properties were incomplete or not valid.\n        list of requires properties\n        - Product not added to cart: can't add product to cart, recived [object Object] and undefined\n    ","code":3,"name":"Add product to cart error"}
error: undefined {"kind":"ObjectId","path":"_id","reason":{},"stringValue":"\"styles.css\"","value":"styles.css","valueType":"string"}
error: undefined {"kind":"ObjectId","path":"_id","reason":{},"stringValue":"\"styles.css\"","value":"styles.css","valueType":"string"}
error: Error durante el inicio de sesion: Cannot read properties of null (reading 'email') {"stack":"TypeError: Cannot read properties of null (reading 'email')\n    at login (C:\\Users\\melan\\OneDrive\\Escritorio\\DESARROLLO_WEB\\desarrolloweb\\desafioClase34\\src\\controllers\\session.controller.js:90:21)\n    at process.processTicksAndRejections (node:internal/process/task_queues:95:5)"}
